<?xml version="1.0" encoding="UTF-8"?>
<!-- Generated by org.testng.reporters.JUnitReportReporter -->
<testsuite hostname="LAPTOP-2VUVNRGK" failures="0" tests="1" name="Runner.TestRunner" time="24.993" errors="0" timestamp="2022-10-14T11:38:49 CEST" skipped="0">
  <testcase classname="Runner.TestRunner" name="feature" time="24.993"/>
  <system-out/>
</testsuite> <!-- Runner.TestRunner -->
